SUPPORTS_TEXT_BASED_API=YES
SUPPORTS_TEXT_BASED_API=YES
Installing source for cups...
SUPPORTS_TEXT_BASED_API=YES
echo "Creating pseudo-copy of sources in the build directory...";
Creating pseudo-copy of sources in the build directory...
Configuring cups...
checking build system type... x86_64-apple-darwin19.3.0
checking host system type... x86_64-apple-darwin19.3.0
checking for codesign... /usr/bin/true
checking for gawk... no
checking for mawk... no
checking for nawk... no
checking for awk... awk
checking whether the C compiler works... yes
checking for C compiler default output file name... a.out
checking for suffix of executables... 
checking whether we are cross compiling... no
checking for suffix of object files... o
checking whether we are using the GNU C compiler... yes
checking whether /Applications/Xcode.app/Contents/Developer/Toolchains/XcodeDefault.xctoolchain/usr/bin/clang accepts -g... yes
checking for /Applications/Xcode.app/Contents/Developer/Toolchains/XcodeDefault.xctoolchain/usr/bin/clang option to accept ISO C89... none needed
checking how to run the C preprocessor... /Applications/Xcode.app/Contents/Developer/Toolchains/XcodeDefault.xctoolchain/usr/bin/clang -E
checking whether we are using the GNU C++ compiler... yes
checking whether /Applications/Xcode.app/Contents/Developer/Toolchains/XcodeDefault.xctoolchain/usr/bin/clang++ accepts -g... yes
checking for ranlib... ranlib
checking for ar... /usr/bin/ar
checking for chmod... /bin/chmod
checking for gzip... /usr/bin/gzip
checking for install-sh script... using /tmp/cups/Build/install-sh
checking for ld... /usr/bin/ld
checking for ln... /bin/ln
checking for mkdir... /bin/mkdir
checking for mv... /bin/mv
checking for rm... /bin/rm
checking for rmdir... /bin/rmdir
checking for sed... /usr/bin/sed
checking for xdg-open... no
checking for pkg-config... no
checking for library containing abs... none required
checking for library containing crypt... none required
checking for library containing fmod... none required
checking for library containing getspent... no
checking for grep that handles long lines and -e... /usr/bin/grep
checking for egrep... /usr/bin/grep -E
checking for ANSI C header files... yes
checking for sys/types.h... yes
checking for sys/stat.h... yes
checking for stdlib.h... yes
checking for string.h... yes
checking for memory.h... yes
checking for strings.h... yes
checking for inttypes.h... yes
checking for stdint.h... yes
checking for unistd.h... yes
checking for stdlib.h... (cached) yes
checking crypt.h usability... no
checking crypt.h presence... no
checking for crypt.h... no
checking langinfo.h usability... yes
checking langinfo.h presence... yes
checking for langinfo.h... yes
checking malloc.h usability... no
checking malloc.h presence... no
checking for malloc.h... no
checking shadow.h usability... no
checking shadow.h presence... no
checking for shadow.h... no
checking for stdint.h... (cached) yes
checking for string.h... (cached) yes
checking for strings.h... (cached) yes
checking bstring.h usability... no
checking bstring.h presence... no
checking for bstring.h... no
checking sys/ioctl.h usability... yes
checking sys/ioctl.h presence... yes
checking for sys/ioctl.h... yes
checking sys/param.h usability... yes
checking sys/param.h presence... yes
checking for sys/param.h... yes
checking sys/ucred.h usability... yes
checking sys/ucred.h presence... yes
checking for sys/ucred.h... yes
checking iconv.h usability... yes
checking iconv.h presence... yes
checking for iconv.h... yes
checking for library containing iconv_open... -liconv
checking for library containing libiconv_open... no
checking sys/mount.h usability... yes
checking sys/mount.h presence... yes
checking for sys/mount.h... yes
checking sys/statfs.h usability... no
checking sys/statfs.h presence... no
checking for sys/statfs.h... no
checking sys/statvfs.h usability... yes
checking sys/statvfs.h presence... yes
checking for sys/statvfs.h... yes
checking sys/vfs.h usability... no
checking sys/vfs.h presence... no
checking for sys/vfs.h... no
checking for statfs... yes
checking for statvfs... yes
checking for strdup... yes
checking for strlcat... yes
checking for strlcpy... yes
checking for snprintf... yes
checking for vsnprintf... yes
checking for random... yes
checking for lrand48... yes
checking for arc4random... yes
checking for geteuid... yes
checking for setpgid... yes
checking for vsyslog... yes
checking for sigset... yes
checking for sigaction... yes
checking for waitpid... yes
checking for wait3... yes
checking for posix_spawn... yes
checking for getgrouplist... yes
checking for tm_gmtoff member in tm structure... yes
checking for st_gen member in stat structure... yes
checking for removefile... yes
checking zlib.h usability... yes
checking zlib.h presence... yes
checking for zlib.h... yes
checking for gzgets in -lz... yes
checking for inflateCopy in -lz... yes
checking for library containing acl_init... none required
checking ApplicationServices/ApplicationServices.h usability... yes
checking ApplicationServices/ApplicationServices.h presence... yes
checking for ApplicationServices/ApplicationServices.h... yes
checking CoreFoundation/CoreFoundation.h usability... yes
checking CoreFoundation/CoreFoundation.h presence... yes
checking for CoreFoundation/CoreFoundation.h... yes
checking for SCDynamicStoreCopyComputerName... yes
checking membership.h usability... yes
checking membership.h presence... yes
checking for membership.h... yes
checking for mbr_uid_to_uuid... yes
checking dlfcn.h usability... yes
checking dlfcn.h presence... yes
checking for dlfcn.h... yes
checking notify.h usability... yes
checking notify.h presence... yes
checking for notify.h... yes
checking for notify_post... yes
checking Security/Authorization.h usability... yes
checking Security/Authorization.h presence... yes
checking for Security/Authorization.h... yes
checking sandbox.h usability... yes
checking sandbox.h presence... yes
checking for sandbox.h... yes
checking xpc/xpc.h usability... yes
checking xpc/xpc.h presence... yes
checking for xpc/xpc.h... yes
checking whether compiler supports -fstack-protector... yes
checking whether compiler supports -fPIE... yes
checking for resolv.h... yes
checking for library containing socket... none required
checking for library containing gethostbyaddr... none required
checking for library containing getifaddrs... none required
checking for library containing hstrerror... none required
checking for library containing rresvport_af... none required
checking for library containing __res_init... no
checking for library containing res_9_init... -lresolv
checking for library containing getaddrinfo... none required
checking for library containing getnameinfo... none required
checking for struct sockaddr.sa_len... yes
checking sys/sockio.h usability... yes
checking sys/sockio.h presence... yes
checking for sys/sockio.h... yes
checking for poll... yes
checking for epoll_create... no
checking for kqueue... yes
checking pthread.h usability... yes
checking pthread.h presence... yes
checking for pthread.h... yes
checking for pthread_create using -lpthreads... no
checking for pthread_create using -lpthread... yes
checking Security/SecureTransport.h usability... yes
checking Security/SecureTransport.h presence... yes
checking for Security/SecureTransport.h... yes
checking Security/SecCertificate.h usability... yes
checking Security/SecCertificate.h presence... yes
checking for Security/SecCertificate.h... yes
checking Security/SecItem.h usability... yes
checking Security/SecItem.h presence... yes
checking for Security/SecItem.h... yes
checking Security/SecPolicy.h usability... yes
checking Security/SecPolicy.h presence... yes
checking for Security/SecPolicy.h... yes
    Using SSLLIBS=""
    Using SSLFLAGS=""
checking for dlopen in -ldl... yes
checking for pam_start in -lpam... yes
checking for pam_set_item in -lpam... yes
checking for pam_setcred in -lpam... yes
checking security/pam_appl.h usability... yes
checking security/pam_appl.h presence... yes
checking for security/pam_appl.h... yes
checking for special C compiler options needed for large files... no
checking for _FILE_OFFSET_BITS value needed for large files... no
checking for long long int... yes
checking for strtoll... yes
checking dns_sd.h usability... yes
checking dns_sd.h presence... yes
checking for dns_sd.h... yes
checking for launch_activate_socket... yes
checking launch.h usability... yes
checking launch.h presence... yes
checking for launch.h... yes
checking for default print user... _lp
checking for default print group... _lp
configure: creating ./config.status
config.status: creating Makedefs
config.status: creating conf/cups-files.conf
config.status: creating conf/cupsd.conf
config.status: creating conf/mime.convs
config.status: creating conf/pam.std
config.status: creating conf/snmp.conf
config.status: creating cups-config
config.status: creating desktop/cups.desktop
config.status: creating doc/index.html
config.status: creating scheduler/cups-lpd.xinetd
config.status: creating scheduler/cups.sh
config.status: creating scheduler/cups.xml
config.status: creating scheduler/org.cups.cups-lpd.plist
config.status: creating scheduler/org.cups.cups-lpdAT.service
config.status: creating scheduler/org.cups.cupsd.path
config.status: creating scheduler/org.cups.cupsd.service
config.status: creating scheduler/org.cups.cupsd.socket
config.status: creating templates/header.tmpl
config.status: creating packaging/cups.list
config.status: creating config.h
Building cups...
Using ARCHFLAGS=
Using ALL_CFLAGS=-I.. -D_CUPS_SOURCE   -D_LARGEFILE_SOURCE -D_LARGEFILE64_SOURCE -D_THREAD_SAFE -D_REENTRANT  -Wall -Wno-format-y2k -Wunused -Wno-unused-result -Wsign-conversion
Using ALL_CXXFLAGS=-I.. -D_CUPS_SOURCE   -D_LARGEFILE_SOURCE -D_LARGEFILE64_SOURCE -D_THREAD_SAFE -D_REENTRANT  -Wall -Wno-format-y2k -Wunused -Wno-unused-result -Wsign-conversion
Using CC=/Applications/Xcode.app/Contents/Developer/Toolchains/XcodeDefault.xctoolchain/usr/bin/clang
Using CXX=/Applications/Xcode.app/Contents/Developer/Toolchains/XcodeDefault.xctoolchain/usr/bin/clang
Using DSOFLAGS=-dynamiclib -single_module -lc
Using LDFLAGS=
Using LIBS=   -lz -lpthread -lresolv -framework SystemConfiguration -framework CoreFoundation -framework Security  -liconv  -lz
Making all in cups...
Compiling array.c...
Compiling auth.c...
Compiling debug.c...
Compiling dest.c...
Compiling dest-job.c...
Compiling dest-localization.c...
Compiling dest-options.c...
Compiling dir.c...
Compiling encode.c...
Compiling file.c...
Compiling getputfile.c...
Compiling globals.c...
Compiling hash.c...
Compiling http.c...
Compiling http-addr.c...
Compiling http-addrlist.c...
Compiling http-support.c...
Compiling ipp.c...
Compiling ipp-file.c...
Compiling ipp-vars.c...
Compiling ipp-support.c...
Compiling langprintf.c...
Compiling language.c...
Compiling md5.c...
Compiling md5passwd.c...
Compiling notify.c...
Compiling options.c...
Compiling pwg-media.c...
Compiling raster-error.c...
Compiling raster-stream.c...
Compiling raster-stubs.c...
Compiling request.c...
Compiling snprintf.c...
Compiling string.c...
Compiling tempfile.c...
Compiling thread.c...
Compiling tls.c...
Compiling transcode.c...
Compiling usersys.c...
Compiling util.c...
Archiving libcups.a...
a - array.o
a - auth.o
a - debug.o
a - dest.o
a - dest-job.o
a - dest-localization.o
a - dest-options.o
a - dir.o
a - encode.o
a - file.o
a - getputfile.o
a - globals.o
a - hash.o
a - http.o
a - http-addr.o
a - http-addrlist.o
a - http-support.o
a - ipp.o
a - ipp-file.o
a - ipp-vars.o
a - ipp-support.o
a - langprintf.o
a - language.o
a - md5.o
a - md5passwd.o
a - notify.o
a - options.o
a - pwg-media.o
a - raster-error.o
a - raster-stream.o
a - raster-stubs.o
a - request.o
a - snprintf.o
a - string.o
a - tempfile.o
a - thread.o
a - tls.o
a - transcode.o
a - usersys.o
a - util.o
Linking libcups.2.dylib...
Compiling raster-interstub.c...
Archiving libcupsimage.a...
a - raster-interstub.o
a - raster-stubs.o
Making all in locale...
Compiling checkpo.c...
Linking checkpo...
Compiling po2strings.c...
Linking po2strings...
Compiling strings2po.c...
Linking strings2po...
